<?xml version="1.0" encoding="UTF-8"?>
<testng-results ignored="0" total="1" passed="1" failed="0" skipped="0">
  <reporter-output>
  </reporter-output>
  <suite started-at="2021-04-08T10:32:35 IST" name="Default suite" finished-at="2021-04-08T10:32:39 IST" duration-ms="4654">
    <groups>
    </groups>
    <test started-at="2021-04-08T10:32:35 IST" name="Default test" finished-at="2021-04-08T10:32:39 IST" duration-ms="4654">
      <class name="TestFramework.RestAssuredProject.ListTwitterByUser">
        <test-method signature="getUserTweet()[pri:0, instance:TestFramework.RestAssuredProject.ListTwitterByUser@52851b44]" started-at="2021-04-08T10:32:35 IST" name="getUserTweet" finished-at="2021-04-08T10:32:39 IST" duration-ms="4602" status="PASS">
          <reporter-output>
          </reporter-output>
        </test-method> <!-- getUserTweet -->
      </class> <!-- TestFramework.RestAssuredProject.ListTwitterByUser -->
    </test> <!-- Default test -->
  </suite> <!-- Default suite -->
</testng-results>
